# JRE version: Java(TM) SE Runtime Environment (12.0.1+12) (build 12.0.1+12)
# Java VM: Java HotSpot(TM) 64-Bit Server VM (12.0.1+12, mixed mode, sharing, tiered, compressed oops, g1 gc, bsd-amd64)
Heap:
 garbage-first heap   total 133120K, used 32339K [0x0000000780000000, 0x0000000800000000)
  region size 1024K, 19 young (19456K), 1 survivors (1024K)
 Metaspace       used 20023K, capacity 21064K, committed 21248K, reserved 1067008K
  class space    used 2802K, capacity 3230K, committed 3328K, reserved 1048576K
GC Heap History (6 events):
Event: 0.866 GC heap before
{Heap before GC invocations=0 (full 0):
 garbage-first heap   total 133120K, used 14040K [0x0000000780000000, 0x0000000800000000)
  region size 1024K, 14 young (14336K), 0 survivors (0K)
 Metaspace       used 3709K, capacity 6772K, committed 6912K, reserved 1056768K
  class space    used 392K, capacity 730K, committed 768K, reserved 1048576K
}
Event: 0.875 GC heap after
{Heap after GC invocations=1 (full 0):
 garbage-first heap   total 133120K, used 2237K [0x0000000780000000, 0x0000000800000000)
  region size 1024K, 2 young (2048K), 2 survivors (2048K)
 Metaspace       used 3709K, capacity 6772K, committed 6912K, reserved 1056768K
  class space    used 392K, capacity 730K, committed 768K, reserved 1048576K
}
Event: 11.868 GC heap before
{Heap before GC invocations=1 (full 0):
 garbage-first heap   total 133120K, used 80061K [0x0000000780000000, 0x0000000800000000)
  region size 1024K, 76 young (77824K), 2 survivors (2048K)
 Metaspace       used 19268K, capacity 20244K, committed 20352K, reserved 1067008K
  class space    used 2752K, capacity 3167K, committed 3200K, reserved 1048576K
}
Event: 11.889 GC heap after
{Heap after GC invocations=2 (full 0):
 garbage-first heap   total 133120K, used 13951K [0x0000000780000000, 0x0000000800000000)
  region size 1024K, 10 young (10240K), 10 survivors (10240K)
 Metaspace       used 19268K, capacity 20244K, committed 20352K, reserved 1067008K
  class space    used 2752K, capacity 3167K, committed 3200K, reserved 1048576K
}
Event: 14.738 GC heap before
{Heap before GC invocations=2 (full 0):
 garbage-first heap   total 133120K, used 17023K [0x0000000780000000, 0x0000000800000000)
  region size 1024K, 13 young (13312K), 10 survivors (10240K)
 Metaspace       used 19584K, capacity 20631K, committed 20864K, reserved 1067008K
  class space    used 2768K, capacity 3168K, committed 3200K, reserved 1048576K
}
Event: 14.756 GC heap after
{Heap after GC invocations=3 (full 0):
 garbage-first heap   total 133120K, used 14931K [0x0000000780000000, 0x0000000800000000)
  region size 1024K, 1 young (1024K), 1 survivors (1024K)
 Metaspace       used 19584K, capacity 20631K, committed 20864K, reserved 1067008K
  class space    used 2768K, capacity 3168K, committed 3200K, reserved 1048576K
}

